{"/home/bjhaid/vidly/index.js": {"path":"/home/bjhaid/vidly/index.js","statementMap":{"0":{"start":{"line":1,"column":16},"end":{"line":1,"column":34}},"1":{"start":{"line":2,"column":12},"end":{"line":2,"column":21}},"2":{"start":{"line":4,"column":0},"end":{"line":4,"column":32}},"3":{"start":{"line":5,"column":0},"end":{"line":5,"column":34}},"4":{"start":{"line":6,"column":0},"end":{"line":6,"column":30}},"5":{"start":{"line":7,"column":13},"end":{"line":7,"column":37}},"6":{"start":{"line":8,"column":15},"end":{"line":8,"column":82}},"7":{"start":{"line":8,"column":38},"end":{"line":8,"column":81}},"8":{"start":{"line":10,"column":0},"end":{"line":10,"column":24}},"9":{"start":{"line":13,"column":0},"end":{"line":13,"column":28}}},"fnMap":{"0":{"name":"(anonymous_0)","decl":{"start":{"line":8,"column":32},"end":{"line":8,"column":33}},"loc":{"start":{"line":8,"column":38},"end":{"line":8,"column":81}},"line":8}},"branchMap":{"0":{"loc":{"start":{"line":7,"column":13},"end":{"line":7,"column":37}},"type":"binary-expr","locations":[{"start":{"line":7,"column":13},"end":{"line":7,"column":29}},{"start":{"line":7,"column":33},"end":{"line":7,"column":37}}],"line":7}},"s":{"0":2,"1":2,"2":2,"3":2,"4":2,"5":2,"6":2,"7":2,"8":2,"9":2},"f":{"0":2},"b":{"0":[2,2]},"_coverageSchema":"332fd63041d2c1bcb487cc26dd0d5f7d97098a6c","hash":"544c0fef9992251e4fb808c934fbdd716ed42538"}
,"/home/bjhaid/vidly/middleware/admin.js": {"path":"/home/bjhaid/vidly/middleware/admin.js","statementMap":{"0":{"start":{"line":3,"column":0},"end":{"line":7,"column":1}},"1":{"start":{"line":5,"column":4},"end":{"line":5,"column":82}},"2":{"start":{"line":5,"column":27},"end":{"line":5,"column":82}},"3":{"start":{"line":6,"column":4},"end":{"line":6,"column":10}}},"fnMap":{"0":{"name":"(anonymous_0)","decl":{"start":{"line":3,"column":17},"end":{"line":3,"column":18}},"loc":{"start":{"line":3,"column":42},"end":{"line":7,"column":1}},"line":3}},"branchMap":{"0":{"loc":{"start":{"line":5,"column":4},"end":{"line":5,"column":82}},"type":"if","locations":[{"start":{"line":5,"column":4},"end":{"line":5,"column":82}},{"start":{"line":5,"column":4},"end":{"line":5,"column":82}}],"line":5}},"s":{"0":2,"1":0,"2":0,"3":0},"f":{"0":0},"b":{"0":[0,0]},"_coverageSchema":"332fd63041d2c1bcb487cc26dd0d5f7d97098a6c","hash":"e0bbe113562484db3e18d7fa6d176df7f3badf73"}
,"/home/bjhaid/vidly/middleware/auth.js": {"path":"/home/bjhaid/vidly/middleware/auth.js","statementMap":{"0":{"start":{"line":1,"column":12},"end":{"line":1,"column":35}},"1":{"start":{"line":2,"column":15},"end":{"line":2,"column":32}},"2":{"start":{"line":4,"column":0},"end":{"line":19,"column":1}},"3":{"start":{"line":6,"column":18},"end":{"line":6,"column":44}},"4":{"start":{"line":8,"column":4},"end":{"line":8,"column":60}},"5":{"start":{"line":8,"column":15},"end":{"line":8,"column":60}},"6":{"start":{"line":9,"column":4},"end":{"line":18,"column":5}},"7":{"start":{"line":11,"column":20},"end":{"line":11,"column":66}},"8":{"start":{"line":13,"column":8},"end":{"line":13,"column":27}},"9":{"start":{"line":14,"column":8},"end":{"line":14,"column":15}},"10":{"start":{"line":17,"column":8},"end":{"line":17,"column":45}}},"fnMap":{"0":{"name":"(anonymous_0)","decl":{"start":{"line":4,"column":17},"end":{"line":4,"column":18}},"loc":{"start":{"line":4,"column":42},"end":{"line":19,"column":1}},"line":4}},"branchMap":{"0":{"loc":{"start":{"line":8,"column":4},"end":{"line":8,"column":60}},"type":"if","locations":[{"start":{"line":8,"column":4},"end":{"line":8,"column":60}},{"start":{"line":8,"column":4},"end":{"line":8,"column":60}}],"line":8}},"s":{"0":2,"1":2,"2":2,"3":9,"4":9,"5":2,"6":7,"7":7,"8":7,"9":7,"10":0},"f":{"0":9},"b":{"0":[2,7]},"_coverageSchema":"332fd63041d2c1bcb487cc26dd0d5f7d97098a6c","hash":"0f2d18689f6228d9715294562e73d87030388c4d"}
,"/home/bjhaid/vidly/middleware/validateObjectId.js": {"path":"/home/bjhaid/vidly/middleware/validateObjectId.js","statementMap":{"0":{"start":{"line":1,"column":17},"end":{"line":1,"column":36}},"1":{"start":{"line":3,"column":0},"end":{"line":8,"column":1}},"2":{"start":{"line":5,"column":0},"end":{"line":6,"column":47}},"3":{"start":{"line":6,"column":4},"end":{"line":6,"column":47}},"4":{"start":{"line":7,"column":0},"end":{"line":7,"column":6}}},"fnMap":{"0":{"name":"(anonymous_0)","decl":{"start":{"line":3,"column":17},"end":{"line":3,"column":18}},"loc":{"start":{"line":3,"column":42},"end":{"line":8,"column":1}},"line":3}},"branchMap":{"0":{"loc":{"start":{"line":5,"column":0},"end":{"line":6,"column":47}},"type":"if","locations":[{"start":{"line":5,"column":0},"end":{"line":6,"column":47}},{"start":{"line":5,"column":0},"end":{"line":6,"column":47}}],"line":5}},"s":{"0":2,"1":2,"2":2,"3":1,"4":1},"f":{"0":2},"b":{"0":[1,1]},"_coverageSchema":"332fd63041d2c1bcb487cc26dd0d5f7d97098a6c","hash":"77c6f63e7ea62b1c67dec0965b4dc0cf3241f9b8"}
,"/home/bjhaid/vidly/models/customer.js": {"path":"/home/bjhaid/vidly/models/customer.js","statementMap":{"0":{"start":{"line":1,"column":17},"end":{"line":1,"column":36}},"1":{"start":{"line":2,"column":12},"end":{"line":2,"column":26}},"2":{"start":{"line":4,"column":23},"end":{"line":21,"column":2}},"3":{"start":{"line":23,"column":17},"end":{"line":23,"column":59}},"4":{"start":{"line":27,"column":19},"end":{"line":31,"column":5}},"5":{"start":{"line":33,"column":4},"end":{"line":33,"column":42}},"6":{"start":{"line":35,"column":0},"end":{"line":35,"column":28}},"7":{"start":{"line":36,"column":0},"end":{"line":36,"column":36}}},"fnMap":{"0":{"name":"validateCustomer","decl":{"start":{"line":25,"column":9},"end":{"line":25,"column":25}},"loc":{"start":{"line":25,"column":36},"end":{"line":34,"column":1}},"line":25}},"branchMap":{},"s":{"0":2,"1":2,"2":2,"3":2,"4":0,"5":0,"6":2,"7":2},"f":{"0":0},"b":{},"_coverageSchema":"332fd63041d2c1bcb487cc26dd0d5f7d97098a6c","hash":"6cd14d9da8713bec47b5e291929a53f95575d76c"}
,"/home/bjhaid/vidly/models/genre.js": {"path":"/home/bjhaid/vidly/models/genre.js","statementMap":{"0":{"start":{"line":2,"column":17},"end":{"line":2,"column":36}},"1":{"start":{"line":3,"column":12},"end":{"line":3,"column":26}},"2":{"start":{"line":5,"column":20},"end":{"line":14,"column":2}},"3":{"start":{"line":10,"column":32},"end":{"line":10,"column":44}},"4":{"start":{"line":16,"column":14},"end":{"line":16,"column":50}},"5":{"start":{"line":19,"column":19},"end":{"line":21,"column":5}},"6":{"start":{"line":23,"column":4},"end":{"line":23,"column":39}},"7":{"start":{"line":25,"column":0},"end":{"line":25,"column":22}},"8":{"start":{"line":26,"column":0},"end":{"line":26,"column":33}},"9":{"start":{"line":27,"column":0},"end":{"line":27,"column":34}}},"fnMap":{"0":{"name":"(anonymous_0)","decl":{"start":{"line":10,"column":24},"end":{"line":10,"column":25}},"loc":{"start":{"line":10,"column":31},"end":{"line":10,"column":45}},"line":10},"1":{"name":"validateGenre","decl":{"start":{"line":18,"column":9},"end":{"line":18,"column":22}},"loc":{"start":{"line":18,"column":30},"end":{"line":24,"column":1}},"line":18}},"branchMap":{},"s":{"0":2,"1":2,"2":2,"3":2,"4":2,"5":2,"6":2,"7":2,"8":2,"9":2},"f":{"0":2,"1":2},"b":{},"_coverageSchema":"332fd63041d2c1bcb487cc26dd0d5f7d97098a6c","hash":"277e49898093de92f6dec71c63b89b8170cc9932"}
,"/home/bjhaid/vidly/models/movie.js": {"path":"/home/bjhaid/vidly/models/movie.js","statementMap":{"0":{"start":{"line":2,"column":17},"end":{"line":2,"column":36}},"1":{"start":{"line":3,"column":12},"end":{"line":3,"column":26}},"2":{"start":{"line":4,"column":22},"end":{"line":4,"column":40}},"3":{"start":{"line":6,"column":20},"end":{"line":26,"column":2}},"4":{"start":{"line":28,"column":14},"end":{"line":28,"column":50}},"5":{"start":{"line":32,"column":19},"end":{"line":37,"column":5}},"6":{"start":{"line":39,"column":4},"end":{"line":39,"column":39}},"7":{"start":{"line":41,"column":0},"end":{"line":41,"column":22}},"8":{"start":{"line":42,"column":0},"end":{"line":42,"column":33}}},"fnMap":{"0":{"name":"validateMovie","decl":{"start":{"line":30,"column":9},"end":{"line":30,"column":22}},"loc":{"start":{"line":30,"column":30},"end":{"line":40,"column":1}},"line":30}},"branchMap":{},"s":{"0":2,"1":2,"2":2,"3":2,"4":2,"5":0,"6":0,"7":2,"8":2},"f":{"0":0},"b":{},"_coverageSchema":"332fd63041d2c1bcb487cc26dd0d5f7d97098a6c","hash":"fc57151b9c31d091539e22814edc7def28282449"}
,"/home/bjhaid/vidly/models/rental.js": {"path":"/home/bjhaid/vidly/models/rental.js","statementMap":{"0":{"start":{"line":1,"column":12},"end":{"line":1,"column":26}},"1":{"start":{"line":2,"column":17},"end":{"line":2,"column":36}},"2":{"start":{"line":3,"column":15},"end":{"line":3,"column":32}},"3":{"start":{"line":5,"column":21},"end":{"line":57,"column":2}},"4":{"start":{"line":60,"column":15},"end":{"line":60,"column":53}},"5":{"start":{"line":63,"column":17},"end":{"line":66,"column":3}},"6":{"start":{"line":68,"column":2},"end":{"line":68,"column":38}},"7":{"start":{"line":71,"column":0},"end":{"line":71,"column":24}},"8":{"start":{"line":72,"column":0},"end":{"line":72,"column":34}}},"fnMap":{"0":{"name":"validateRental","decl":{"start":{"line":62,"column":9},"end":{"line":62,"column":23}},"loc":{"start":{"line":62,"column":32},"end":{"line":69,"column":1}},"line":62}},"branchMap":{},"s":{"0":2,"1":2,"2":2,"3":2,"4":2,"5":0,"6":0,"7":2,"8":2},"f":{"0":0},"b":{},"_coverageSchema":"332fd63041d2c1bcb487cc26dd0d5f7d97098a6c","hash":"cf0b2b30ea61d0c749ef5e0493603e4348d9dbcb"}
,"/home/bjhaid/vidly/models/user.js": {"path":"/home/bjhaid/vidly/models/user.js","statementMap":{"0":{"start":{"line":1,"column":12},"end":{"line":1,"column":35}},"1":{"start":{"line":2,"column":15},"end":{"line":2,"column":32}},"2":{"start":{"line":3,"column":17},"end":{"line":3,"column":36}},"3":{"start":{"line":4,"column":12},"end":{"line":4,"column":26}},"4":{"start":{"line":6,"column":19},"end":{"line":24,"column":2}},"5":{"start":{"line":25,"column":0},"end":{"line":28,"column":1}},"6":{"start":{"line":26,"column":18},"end":{"line":26,"column":97}},"7":{"start":{"line":27,"column":4},"end":{"line":27,"column":17}},"8":{"start":{"line":29,"column":13},"end":{"line":29,"column":47}},"9":{"start":{"line":32,"column":19},"end":{"line":36,"column":5}},"10":{"start":{"line":38,"column":4},"end":{"line":38,"column":38}},"11":{"start":{"line":40,"column":0},"end":{"line":40,"column":20}},"12":{"start":{"line":41,"column":0},"end":{"line":41,"column":32}}},"fnMap":{"0":{"name":"(anonymous_0)","decl":{"start":{"line":25,"column":39},"end":{"line":25,"column":40}},"loc":{"start":{"line":25,"column":50},"end":{"line":28,"column":1}},"line":25},"1":{"name":"validateUser","decl":{"start":{"line":31,"column":9},"end":{"line":31,"column":21}},"loc":{"start":{"line":31,"column":28},"end":{"line":39,"column":1}},"line":31}},"branchMap":{},"s":{"0":2,"1":2,"2":2,"3":2,"4":2,"5":2,"6":8,"7":8,"8":2,"9":0,"10":0,"11":2,"12":2},"f":{"0":8,"1":0},"b":{},"_coverageSchema":"332fd63041d2c1bcb487cc26dd0d5f7d97098a6c","hash":"4466d6dca1c8948fb605591121908658b0f48608"}
,"/home/bjhaid/vidly/routes/auth.js": {"path":"/home/bjhaid/vidly/routes/auth.js","statementMap":{"0":{"start":{"line":1,"column":17},"end":{"line":1,"column":36}},"1":{"start":{"line":2,"column":15},"end":{"line":2,"column":32}},"2":{"start":{"line":3,"column":16},"end":{"line":3,"column":34}},"3":{"start":{"line":4,"column":12},"end":{"line":4,"column":26}},"4":{"start":{"line":5,"column":10},"end":{"line":5,"column":27}},"5":{"start":{"line":6,"column":15},"end":{"line":6,"column":32}},"6":{"start":{"line":7,"column":15},"end":{"line":7,"column":31}},"7":{"start":{"line":8,"column":12},"end":{"line":8,"column":35}},"8":{"start":{"line":9,"column":15},"end":{"line":9,"column":40}},"9":{"start":{"line":11,"column":4},"end":{"line":25,"column":7}},"10":{"start":{"line":12,"column":24},"end":{"line":12,"column":42}},"11":{"start":{"line":13,"column":8},"end":{"line":13,"column":73}},"12":{"start":{"line":13,"column":19},"end":{"line":13,"column":73}},"13":{"start":{"line":15,"column":24},"end":{"line":15,"column":68}},"14":{"start":{"line":17,"column":12},"end":{"line":17,"column":80}},"15":{"start":{"line":17,"column":23},"end":{"line":17,"column":80}},"16":{"start":{"line":19,"column":37},"end":{"line":19,"column":91}},"17":{"start":{"line":20,"column":12},"end":{"line":20,"column":91}},"18":{"start":{"line":20,"column":34},"end":{"line":20,"column":91}},"19":{"start":{"line":22,"column":26},"end":{"line":22,"column":50}},"20":{"start":{"line":24,"column":12},"end":{"line":24,"column":28}},"21":{"start":{"line":28,"column":23},"end":{"line":31,"column":9}},"22":{"start":{"line":33,"column":8},"end":{"line":33,"column":41}},"23":{"start":{"line":35,"column":4},"end":{"line":35,"column":28}}},"fnMap":{"0":{"name":"(anonymous_0)","decl":{"start":{"line":11,"column":21},"end":{"line":11,"column":22}},"loc":{"start":{"line":11,"column":41},"end":{"line":25,"column":5}},"line":11},"1":{"name":"validate","decl":{"start":{"line":27,"column":13},"end":{"line":27,"column":21}},"loc":{"start":{"line":27,"column":27},"end":{"line":34,"column":5}},"line":27}},"branchMap":{"0":{"loc":{"start":{"line":13,"column":8},"end":{"line":13,"column":73}},"type":"if","locations":[{"start":{"line":13,"column":8},"end":{"line":13,"column":73}},{"start":{"line":13,"column":8},"end":{"line":13,"column":73}}],"line":13},"1":{"loc":{"start":{"line":17,"column":12},"end":{"line":17,"column":80}},"type":"if","locations":[{"start":{"line":17,"column":12},"end":{"line":17,"column":80}},{"start":{"line":17,"column":12},"end":{"line":17,"column":80}}],"line":17},"2":{"loc":{"start":{"line":20,"column":12},"end":{"line":20,"column":91}},"type":"if","locations":[{"start":{"line":20,"column":12},"end":{"line":20,"column":91}},{"start":{"line":20,"column":12},"end":{"line":20,"column":91}}],"line":20}},"s":{"0":2,"1":2,"2":2,"3":2,"4":2,"5":2,"6":2,"7":2,"8":2,"9":2,"10":0,"11":0,"12":0,"13":0,"14":0,"15":0,"16":0,"17":0,"18":0,"19":0,"20":0,"21":0,"22":0,"23":2},"f":{"0":0,"1":0},"b":{"0":[0,0],"1":[0,0],"2":[0,0]},"_coverageSchema":"332fd63041d2c1bcb487cc26dd0d5f7d97098a6c","hash":"bf5ed6ee2f5957574a82e21b5e22691f8aa27d7d"}
,"/home/bjhaid/vidly/routes/customers.js": {"path":"/home/bjhaid/vidly/routes/customers.js","statementMap":{"0":{"start":{"line":1,"column":17},"end":{"line":1,"column":36}},"1":{"start":{"line":2,"column":10},"end":{"line":2,"column":27}},"2":{"start":{"line":3,"column":13},"end":{"line":3,"column":42}},"3":{"start":{"line":4,"column":16},"end":{"line":4,"column":34}},"4":{"start":{"line":5,"column":15},"end":{"line":5,"column":31}},"5":{"start":{"line":6,"column":29},"end":{"line":6,"column":58}},"6":{"start":{"line":8,"column":0},"end":{"line":11,"column":3}},"7":{"start":{"line":9,"column":21},"end":{"line":9,"column":59}},"8":{"start":{"line":10,"column":4},"end":{"line":10,"column":22}},"9":{"start":{"line":13,"column":0},"end":{"line":26,"column":7}},"10":{"start":{"line":15,"column":16},"end":{"line":15,"column":34}},"11":{"start":{"line":17,"column":0},"end":{"line":17,"column":65}},"12":{"start":{"line":17,"column":11},"end":{"line":17,"column":65}},"13":{"start":{"line":18,"column":25},"end":{"line":18,"column":84}},"14":{"start":{"line":19,"column":8},"end":{"line":25,"column":5}},"15":{"start":{"line":20,"column":27},"end":{"line":20,"column":48}},"16":{"start":{"line":21,"column":12},"end":{"line":21,"column":28}},"17":{"start":{"line":24,"column":8},"end":{"line":24,"column":30}},"18":{"start":{"line":28,"column":4},"end":{"line":39,"column":7}},"19":{"start":{"line":29,"column":26},"end":{"line":29,"column":44}},"20":{"start":{"line":31,"column":8},"end":{"line":31,"column":73}},"21":{"start":{"line":31,"column":19},"end":{"line":31,"column":73}},"22":{"start":{"line":32,"column":25},"end":{"line":36,"column":20}},"23":{"start":{"line":37,"column":4},"end":{"line":37,"column":96}},"24":{"start":{"line":37,"column":19},"end":{"line":37,"column":96}},"25":{"start":{"line":38,"column":4},"end":{"line":38,"column":22}},"26":{"start":{"line":41,"column":4},"end":{"line":45,"column":7}},"27":{"start":{"line":42,"column":25},"end":{"line":42,"column":72}},"28":{"start":{"line":43,"column":8},"end":{"line":43,"column":100}},"29":{"start":{"line":43,"column":23},"end":{"line":43,"column":100}},"30":{"start":{"line":44,"column":8},"end":{"line":44,"column":27}},"31":{"start":{"line":47,"column":4},"end":{"line":51,"column":7}},"32":{"start":{"line":48,"column":25},"end":{"line":48,"column":63}},"33":{"start":{"line":49,"column":8},"end":{"line":49,"column":100}},"34":{"start":{"line":49,"column":23},"end":{"line":49,"column":100}},"35":{"start":{"line":50,"column":8},"end":{"line":50,"column":27}},"36":{"start":{"line":53,"column":0},"end":{"line":53,"column":24}}},"fnMap":{"0":{"name":"(anonymous_0)","decl":{"start":{"line":8,"column":16},"end":{"line":8,"column":17}},"loc":{"start":{"line":8,"column":36},"end":{"line":11,"column":1}},"line":8},"1":{"name":"(anonymous_1)","decl":{"start":{"line":13,"column":23},"end":{"line":13,"column":24}},"loc":{"start":{"line":13,"column":42},"end":{"line":26,"column":5}},"line":13},"2":{"name":"(anonymous_2)","decl":{"start":{"line":28,"column":23},"end":{"line":28,"column":24}},"loc":{"start":{"line":28,"column":42},"end":{"line":39,"column":5}},"line":28},"3":{"name":"(anonymous_3)","decl":{"start":{"line":41,"column":26},"end":{"line":41,"column":27}},"loc":{"start":{"line":41,"column":45},"end":{"line":45,"column":5}},"line":41},"4":{"name":"(anonymous_4)","decl":{"start":{"line":47,"column":23},"end":{"line":47,"column":24}},"loc":{"start":{"line":47,"column":42},"end":{"line":51,"column":5}},"line":47}},"branchMap":{"0":{"loc":{"start":{"line":17,"column":0},"end":{"line":17,"column":65}},"type":"if","locations":[{"start":{"line":17,"column":0},"end":{"line":17,"column":65}},{"start":{"line":17,"column":0},"end":{"line":17,"column":65}}],"line":17},"1":{"loc":{"start":{"line":31,"column":8},"end":{"line":31,"column":73}},"type":"if","locations":[{"start":{"line":31,"column":8},"end":{"line":31,"column":73}},{"start":{"line":31,"column":8},"end":{"line":31,"column":73}}],"line":31},"2":{"loc":{"start":{"line":37,"column":4},"end":{"line":37,"column":96}},"type":"if","locations":[{"start":{"line":37,"column":4},"end":{"line":37,"column":96}},{"start":{"line":37,"column":4},"end":{"line":37,"column":96}}],"line":37},"3":{"loc":{"start":{"line":43,"column":8},"end":{"line":43,"column":100}},"type":"if","locations":[{"start":{"line":43,"column":8},"end":{"line":43,"column":100}},{"start":{"line":43,"column":8},"end":{"line":43,"column":100}}],"line":43},"4":{"loc":{"start":{"line":49,"column":8},"end":{"line":49,"column":100}},"type":"if","locations":[{"start":{"line":49,"column":8},"end":{"line":49,"column":100}},{"start":{"line":49,"column":8},"end":{"line":49,"column":100}}],"line":49}},"s":{"0":2,"1":2,"2":2,"3":2,"4":2,"5":2,"6":2,"7":0,"8":0,"9":2,"10":0,"11":0,"12":0,"13":0,"14":0,"15":0,"16":0,"17":0,"18":2,"19":0,"20":0,"21":0,"22":0,"23":0,"24":0,"25":0,"26":2,"27":0,"28":0,"29":0,"30":0,"31":2,"32":0,"33":0,"34":0,"35":0,"36":2},"f":{"0":0,"1":0,"2":0,"3":0,"4":0},"b":{"0":[0,0],"1":[0,0],"2":[0,0],"3":[0,0],"4":[0,0]},"_coverageSchema":"332fd63041d2c1bcb487cc26dd0d5f7d97098a6c","hash":"37e6f3755778091ace5b6c28b8a12928ef52a10a"}
,"/home/bjhaid/vidly/routes/genres.js": {"path":"/home/bjhaid/vidly/routes/genres.js","statementMap":{"0":{"start":{"line":1,"column":19},"end":{"line":1,"column":60}},"1":{"start":{"line":2,"column":17},"end":{"line":2,"column":36}},"2":{"start":{"line":3,"column":13},"end":{"line":3,"column":42}},"3":{"start":{"line":4,"column":14},"end":{"line":4,"column":44}},"4":{"start":{"line":5,"column":16},"end":{"line":5,"column":34}},"5":{"start":{"line":7,"column":15},"end":{"line":7,"column":31}},"6":{"start":{"line":9,"column":26},"end":{"line":9,"column":52}},"7":{"start":{"line":11,"column":2},"end":{"line":19,"column":5}},"8":{"start":{"line":12,"column":8},"end":{"line":18,"column":9}},"9":{"start":{"line":13,"column":23},"end":{"line":13,"column":41}},"10":{"start":{"line":14,"column":12},"end":{"line":14,"column":28}},"11":{"start":{"line":17,"column":10},"end":{"line":17,"column":41}},"12":{"start":{"line":21,"column":2},"end":{"line":38,"column":7}},"13":{"start":{"line":23,"column":20},"end":{"line":23,"column":38}},"14":{"start":{"line":25,"column":17},"end":{"line":25,"column":60}},"15":{"start":{"line":26,"column":4},"end":{"line":26,"column":71}},"16":{"start":{"line":26,"column":14},"end":{"line":26,"column":71}},"17":{"start":{"line":27,"column":4},"end":{"line":27,"column":69}},"18":{"start":{"line":27,"column":15},"end":{"line":27,"column":69}},"19":{"start":{"line":28,"column":24},"end":{"line":30,"column":12}},"20":{"start":{"line":31,"column":10},"end":{"line":37,"column":9}},"21":{"start":{"line":32,"column":27},"end":{"line":32,"column":45}},"22":{"start":{"line":33,"column":10},"end":{"line":33,"column":26}},"23":{"start":{"line":36,"column":10},"end":{"line":36,"column":32}},"24":{"start":{"line":40,"column":4},"end":{"line":49,"column":5}},"25":{"start":{"line":41,"column":22},"end":{"line":41,"column":40}},"26":{"start":{"line":43,"column":4},"end":{"line":43,"column":69}},"27":{"start":{"line":43,"column":15},"end":{"line":43,"column":69}},"28":{"start":{"line":44,"column":18},"end":{"line":46,"column":20}},"29":{"start":{"line":47,"column":4},"end":{"line":47,"column":90}},"30":{"start":{"line":47,"column":16},"end":{"line":47,"column":90}},"31":{"start":{"line":48,"column":4},"end":{"line":48,"column":19}},"32":{"start":{"line":51,"column":4},"end":{"line":55,"column":5}},"33":{"start":{"line":52,"column":20},"end":{"line":52,"column":64}},"34":{"start":{"line":53,"column":4},"end":{"line":53,"column":90}},"35":{"start":{"line":53,"column":16},"end":{"line":53,"column":90}},"36":{"start":{"line":54,"column":6},"end":{"line":54,"column":22}},"37":{"start":{"line":57,"column":2},"end":{"line":61,"column":5}},"38":{"start":{"line":58,"column":18},"end":{"line":58,"column":53}},"39":{"start":{"line":59,"column":4},"end":{"line":59,"column":90}},"40":{"start":{"line":59,"column":16},"end":{"line":59,"column":90}},"41":{"start":{"line":60,"column":4},"end":{"line":60,"column":20}},"42":{"start":{"line":64,"column":4},"end":{"line":64,"column":28}}},"fnMap":{"0":{"name":"(anonymous_0)","decl":{"start":{"line":11,"column":18},"end":{"line":11,"column":19}},"loc":{"start":{"line":11,"column":38},"end":{"line":19,"column":3}},"line":11},"1":{"name":"(anonymous_1)","decl":{"start":{"line":21,"column":25},"end":{"line":21,"column":26}},"loc":{"start":{"line":21,"column":44},"end":{"line":38,"column":5}},"line":21},"2":{"name":"(anonymous_2)","decl":{"start":{"line":40,"column":23},"end":{"line":40,"column":24}},"loc":{"start":{"line":40,"column":42},"end":{"line":49,"column":3}},"line":40},"3":{"name":"(anonymous_3)","decl":{"start":{"line":51,"column":41},"end":{"line":51,"column":42}},"loc":{"start":{"line":51,"column":60},"end":{"line":55,"column":3}},"line":51},"4":{"name":"(anonymous_4)","decl":{"start":{"line":57,"column":33},"end":{"line":57,"column":34}},"loc":{"start":{"line":57,"column":52},"end":{"line":61,"column":3}},"line":57}},"branchMap":{"0":{"loc":{"start":{"line":26,"column":4},"end":{"line":26,"column":71}},"type":"if","locations":[{"start":{"line":26,"column":4},"end":{"line":26,"column":71}},{"start":{"line":26,"column":4},"end":{"line":26,"column":71}}],"line":26},"1":{"loc":{"start":{"line":27,"column":4},"end":{"line":27,"column":69}},"type":"if","locations":[{"start":{"line":27,"column":4},"end":{"line":27,"column":69}},{"start":{"line":27,"column":4},"end":{"line":27,"column":69}}],"line":27},"2":{"loc":{"start":{"line":43,"column":4},"end":{"line":43,"column":69}},"type":"if","locations":[{"start":{"line":43,"column":4},"end":{"line":43,"column":69}},{"start":{"line":43,"column":4},"end":{"line":43,"column":69}}],"line":43},"3":{"loc":{"start":{"line":47,"column":4},"end":{"line":47,"column":90}},"type":"if","locations":[{"start":{"line":47,"column":4},"end":{"line":47,"column":90}},{"start":{"line":47,"column":4},"end":{"line":47,"column":90}}],"line":47},"4":{"loc":{"start":{"line":53,"column":4},"end":{"line":53,"column":90}},"type":"if","locations":[{"start":{"line":53,"column":4},"end":{"line":53,"column":90}},{"start":{"line":53,"column":4},"end":{"line":53,"column":90}}],"line":53},"5":{"loc":{"start":{"line":59,"column":4},"end":{"line":59,"column":90}},"type":"if","locations":[{"start":{"line":59,"column":4},"end":{"line":59,"column":90}},{"start":{"line":59,"column":4},"end":{"line":59,"column":90}}],"line":59}},"s":{"0":2,"1":2,"2":2,"3":2,"4":2,"5":2,"6":2,"7":2,"8":1,"9":1,"10":1,"11":0,"12":2,"13":2,"14":2,"15":2,"16":0,"17":2,"18":1,"19":1,"20":1,"21":1,"22":1,"23":0,"24":2,"25":0,"26":0,"27":0,"28":0,"29":0,"30":0,"31":0,"32":2,"33":0,"34":0,"35":0,"36":0,"37":2,"38":1,"39":1,"40":0,"41":1,"42":2},"f":{"0":1,"1":2,"2":0,"3":0,"4":1},"b":{"0":[0,2],"1":[1,1],"2":[0,0],"3":[0,0],"4":[0,0],"5":[0,1]},"_coverageSchema":"332fd63041d2c1bcb487cc26dd0d5f7d97098a6c","hash":"7e6c585e538d33d70067ad57fbb05393334d674b"}
,"/home/bjhaid/vidly/routes/movies.js": {"path":"/home/bjhaid/vidly/routes/movies.js","statementMap":{"0":{"start":{"line":1,"column":17},"end":{"line":1,"column":36}},"1":{"start":{"line":2,"column":16},"end":{"line":2,"column":34}},"2":{"start":{"line":3,"column":13},"end":{"line":3,"column":42}},"3":{"start":{"line":4,"column":10},"end":{"line":4,"column":27}},"4":{"start":{"line":5,"column":15},"end":{"line":5,"column":31}},"5":{"start":{"line":6,"column":26},"end":{"line":6,"column":52}},"6":{"start":{"line":7,"column":16},"end":{"line":7,"column":42}},"7":{"start":{"line":9,"column":0},"end":{"line":12,"column":3}},"8":{"start":{"line":10,"column":18},"end":{"line":10,"column":36}},"9":{"start":{"line":11,"column":4},"end":{"line":11,"column":19}},"10":{"start":{"line":14,"column":0},"end":{"line":38,"column":7}},"11":{"start":{"line":15,"column":20},"end":{"line":15,"column":38}},"12":{"start":{"line":16,"column":4},"end":{"line":16,"column":69}},"13":{"start":{"line":16,"column":15},"end":{"line":16,"column":69}},"14":{"start":{"line":17,"column":17},"end":{"line":17,"column":60}},"15":{"start":{"line":18,"column":4},"end":{"line":18,"column":71}},"16":{"start":{"line":18,"column":14},"end":{"line":18,"column":71}},"17":{"start":{"line":19,"column":18},"end":{"line":19,"column":56}},"18":{"start":{"line":20,"column":4},"end":{"line":20,"column":61}},"19":{"start":{"line":20,"column":16},"end":{"line":20,"column":61}},"20":{"start":{"line":21,"column":22},"end":{"line":30,"column":10}},"21":{"start":{"line":31,"column":4},"end":{"line":37,"column":5}},"22":{"start":{"line":32,"column":23},"end":{"line":32,"column":41}},"23":{"start":{"line":33,"column":8},"end":{"line":33,"column":24}},"24":{"start":{"line":36,"column":8},"end":{"line":36,"column":30}},"25":{"start":{"line":40,"column":0},"end":{"line":56,"column":7}},"26":{"start":{"line":41,"column":22},"end":{"line":41,"column":40}},"27":{"start":{"line":43,"column":4},"end":{"line":43,"column":69}},"28":{"start":{"line":43,"column":15},"end":{"line":43,"column":69}},"29":{"start":{"line":44,"column":22},"end":{"line":53,"column":20}},"30":{"start":{"line":54,"column":4},"end":{"line":54,"column":90}},"31":{"start":{"line":54,"column":16},"end":{"line":54,"column":90}},"32":{"start":{"line":55,"column":4},"end":{"line":55,"column":19}},"33":{"start":{"line":58,"column":0},"end":{"line":62,"column":7}},"34":{"start":{"line":59,"column":18},"end":{"line":59,"column":62}},"35":{"start":{"line":60,"column":4},"end":{"line":60,"column":90}},"36":{"start":{"line":60,"column":16},"end":{"line":60,"column":90}},"37":{"start":{"line":61,"column":8},"end":{"line":61,"column":24}},"38":{"start":{"line":64,"column":0},"end":{"line":68,"column":7}},"39":{"start":{"line":65,"column":18},"end":{"line":65,"column":53}},"40":{"start":{"line":66,"column":4},"end":{"line":66,"column":90}},"41":{"start":{"line":66,"column":16},"end":{"line":66,"column":90}},"42":{"start":{"line":67,"column":8},"end":{"line":67,"column":24}},"43":{"start":{"line":69,"column":0},"end":{"line":69,"column":24}}},"fnMap":{"0":{"name":"(anonymous_0)","decl":{"start":{"line":9,"column":16},"end":{"line":9,"column":17}},"loc":{"start":{"line":9,"column":36},"end":{"line":12,"column":1}},"line":9},"1":{"name":"(anonymous_1)","decl":{"start":{"line":14,"column":23},"end":{"line":14,"column":24}},"loc":{"start":{"line":14,"column":42},"end":{"line":38,"column":5}},"line":14},"2":{"name":"(anonymous_2)","decl":{"start":{"line":40,"column":25},"end":{"line":40,"column":26}},"loc":{"start":{"line":40,"column":44},"end":{"line":56,"column":5}},"line":40},"3":{"name":"(anonymous_3)","decl":{"start":{"line":58,"column":28},"end":{"line":58,"column":29}},"loc":{"start":{"line":58,"column":47},"end":{"line":62,"column":5}},"line":58},"4":{"name":"(anonymous_4)","decl":{"start":{"line":64,"column":19},"end":{"line":64,"column":20}},"loc":{"start":{"line":64,"column":38},"end":{"line":68,"column":5}},"line":64}},"branchMap":{"0":{"loc":{"start":{"line":16,"column":4},"end":{"line":16,"column":69}},"type":"if","locations":[{"start":{"line":16,"column":4},"end":{"line":16,"column":69}},{"start":{"line":16,"column":4},"end":{"line":16,"column":69}}],"line":16},"1":{"loc":{"start":{"line":18,"column":4},"end":{"line":18,"column":71}},"type":"if","locations":[{"start":{"line":18,"column":4},"end":{"line":18,"column":71}},{"start":{"line":18,"column":4},"end":{"line":18,"column":71}}],"line":18},"2":{"loc":{"start":{"line":20,"column":4},"end":{"line":20,"column":61}},"type":"if","locations":[{"start":{"line":20,"column":4},"end":{"line":20,"column":61}},{"start":{"line":20,"column":4},"end":{"line":20,"column":61}}],"line":20},"3":{"loc":{"start":{"line":43,"column":4},"end":{"line":43,"column":69}},"type":"if","locations":[{"start":{"line":43,"column":4},"end":{"line":43,"column":69}},{"start":{"line":43,"column":4},"end":{"line":43,"column":69}}],"line":43},"4":{"loc":{"start":{"line":54,"column":4},"end":{"line":54,"column":90}},"type":"if","locations":[{"start":{"line":54,"column":4},"end":{"line":54,"column":90}},{"start":{"line":54,"column":4},"end":{"line":54,"column":90}}],"line":54},"5":{"loc":{"start":{"line":60,"column":4},"end":{"line":60,"column":90}},"type":"if","locations":[{"start":{"line":60,"column":4},"end":{"line":60,"column":90}},{"start":{"line":60,"column":4},"end":{"line":60,"column":90}}],"line":60},"6":{"loc":{"start":{"line":66,"column":4},"end":{"line":66,"column":90}},"type":"if","locations":[{"start":{"line":66,"column":4},"end":{"line":66,"column":90}},{"start":{"line":66,"column":4},"end":{"line":66,"column":90}}],"line":66}},"s":{"0":2,"1":2,"2":2,"3":2,"4":2,"5":2,"6":2,"7":2,"8":0,"9":0,"10":2,"11":0,"12":0,"13":0,"14":0,"15":0,"16":0,"17":0,"18":0,"19":0,"20":0,"21":0,"22":0,"23":0,"24":0,"25":2,"26":0,"27":0,"28":0,"29":0,"30":0,"31":0,"32":0,"33":2,"34":0,"35":0,"36":0,"37":0,"38":2,"39":0,"40":0,"41":0,"42":0,"43":2},"f":{"0":0,"1":0,"2":0,"3":0,"4":0},"b":{"0":[0,0],"1":[0,0],"2":[0,0],"3":[0,0],"4":[0,0],"5":[0,0],"6":[0,0]},"_coverageSchema":"332fd63041d2c1bcb487cc26dd0d5f7d97098a6c","hash":"97d41b44aa97b90c3d00783ad4b0dabca33b87a9"}
,"/home/bjhaid/vidly/routes/rentals.js": {"path":"/home/bjhaid/vidly/routes/rentals.js","statementMap":{"0":{"start":{"line":1,"column":27},"end":{"line":1,"column":54}},"1":{"start":{"line":2,"column":16},"end":{"line":2,"column":42}},"2":{"start":{"line":3,"column":19},"end":{"line":3,"column":48}},"3":{"start":{"line":4,"column":17},"end":{"line":4,"column":36}},"4":{"start":{"line":5,"column":13},"end":{"line":5,"column":28}},"5":{"start":{"line":6,"column":16},"end":{"line":6,"column":34}},"6":{"start":{"line":7,"column":15},"end":{"line":7,"column":31}},"7":{"start":{"line":9,"column":0},"end":{"line":9,"column":19}},"8":{"start":{"line":11,"column":0},"end":{"line":14,"column":7}},"9":{"start":{"line":12,"column":20},"end":{"line":12,"column":56}},"10":{"start":{"line":13,"column":4},"end":{"line":13,"column":22}},"11":{"start":{"line":16,"column":4},"end":{"line":50,"column":7}},"12":{"start":{"line":17,"column":22},"end":{"line":17,"column":40}},"13":{"start":{"line":18,"column":4},"end":{"line":18,"column":69}},"14":{"start":{"line":18,"column":15},"end":{"line":18,"column":69}},"15":{"start":{"line":19,"column":21},"end":{"line":19,"column":65}},"16":{"start":{"line":20,"column":4},"end":{"line":20,"column":68}},"17":{"start":{"line":20,"column":19},"end":{"line":20,"column":68}},"18":{"start":{"line":22,"column":18},"end":{"line":22,"column":56}},"19":{"start":{"line":23,"column":4},"end":{"line":23,"column":62}},"20":{"start":{"line":23,"column":16},"end":{"line":23,"column":62}},"21":{"start":{"line":25,"column":4},"end":{"line":25,"column":86}},"22":{"start":{"line":25,"column":35},"end":{"line":25,"column":86}},"23":{"start":{"line":27,"column":17},"end":{"line":38,"column":6}},"24":{"start":{"line":39,"column":4},"end":{"line":48,"column":5}},"25":{"start":{"line":41,"column":8},"end":{"line":44,"column":18}},"26":{"start":{"line":47,"column":8},"end":{"line":47,"column":49}},"27":{"start":{"line":49,"column":4},"end":{"line":49,"column":21}},"28":{"start":{"line":52,"column":4},"end":{"line":58,"column":7}},"29":{"start":{"line":53,"column":19},"end":{"line":53,"column":55}},"30":{"start":{"line":55,"column":4},"end":{"line":55,"column":92}},"31":{"start":{"line":55,"column":17},"end":{"line":55,"column":92}},"32":{"start":{"line":57,"column":4},"end":{"line":57,"column":21}},"33":{"start":{"line":60,"column":0},"end":{"line":60,"column":24}}},"fnMap":{"0":{"name":"(anonymous_0)","decl":{"start":{"line":11,"column":16},"end":{"line":11,"column":17}},"loc":{"start":{"line":11,"column":36},"end":{"line":14,"column":5}},"line":11},"1":{"name":"(anonymous_1)","decl":{"start":{"line":16,"column":21},"end":{"line":16,"column":22}},"loc":{"start":{"line":16,"column":41},"end":{"line":50,"column":5}},"line":16},"2":{"name":"(anonymous_2)","decl":{"start":{"line":52,"column":23},"end":{"line":52,"column":24}},"loc":{"start":{"line":52,"column":43},"end":{"line":58,"column":5}},"line":52}},"branchMap":{"0":{"loc":{"start":{"line":18,"column":4},"end":{"line":18,"column":69}},"type":"if","locations":[{"start":{"line":18,"column":4},"end":{"line":18,"column":69}},{"start":{"line":18,"column":4},"end":{"line":18,"column":69}}],"line":18},"1":{"loc":{"start":{"line":20,"column":4},"end":{"line":20,"column":68}},"type":"if","locations":[{"start":{"line":20,"column":4},"end":{"line":20,"column":68}},{"start":{"line":20,"column":4},"end":{"line":20,"column":68}}],"line":20},"2":{"loc":{"start":{"line":23,"column":4},"end":{"line":23,"column":62}},"type":"if","locations":[{"start":{"line":23,"column":4},"end":{"line":23,"column":62}},{"start":{"line":23,"column":4},"end":{"line":23,"column":62}}],"line":23},"3":{"loc":{"start":{"line":25,"column":4},"end":{"line":25,"column":86}},"type":"if","locations":[{"start":{"line":25,"column":4},"end":{"line":25,"column":86}},{"start":{"line":25,"column":4},"end":{"line":25,"column":86}}],"line":25},"4":{"loc":{"start":{"line":55,"column":4},"end":{"line":55,"column":92}},"type":"if","locations":[{"start":{"line":55,"column":4},"end":{"line":55,"column":92}},{"start":{"line":55,"column":4},"end":{"line":55,"column":92}}],"line":55}},"s":{"0":2,"1":2,"2":2,"3":2,"4":2,"5":2,"6":2,"7":2,"8":2,"9":0,"10":0,"11":2,"12":0,"13":0,"14":0,"15":0,"16":0,"17":0,"18":0,"19":0,"20":0,"21":0,"22":0,"23":0,"24":0,"25":0,"26":0,"27":0,"28":2,"29":0,"30":0,"31":0,"32":0,"33":2},"f":{"0":0,"1":0,"2":0},"b":{"0":[0,0],"1":[0,0],"2":[0,0],"3":[0,0],"4":[0,0]},"_coverageSchema":"332fd63041d2c1bcb487cc26dd0d5f7d97098a6c","hash":"6d5ca4fdb2897e3e04f5dfd37dbcda816152cf45"}
,"/home/bjhaid/vidly/routes/returns.js": {"path":"/home/bjhaid/vidly/routes/returns.js","statementMap":{"0":{"start":{"line":1,"column":16},"end":{"line":1,"column":34}},"1":{"start":{"line":2,"column":17},"end":{"line":2,"column":44}},"2":{"start":{"line":3,"column":13},"end":{"line":3,"column":42}},"3":{"start":{"line":4,"column":15},"end":{"line":4,"column":31}},"4":{"start":{"line":6,"column":0},"end":{"line":16,"column":2}},"5":{"start":{"line":7,"column":4},"end":{"line":7,"column":88}},"6":{"start":{"line":7,"column":30},"end":{"line":7,"column":88}},"7":{"start":{"line":8,"column":4},"end":{"line":8,"column":82}},"8":{"start":{"line":8,"column":27},"end":{"line":8,"column":82}},"9":{"start":{"line":9,"column":19},"end":{"line":12,"column":6}},"10":{"start":{"line":13,"column":4},"end":{"line":13,"column":58}},"11":{"start":{"line":13,"column":17},"end":{"line":13,"column":58}},"12":{"start":{"line":14,"column":4},"end":{"line":14,"column":84}},"13":{"start":{"line":14,"column":29},"end":{"line":14,"column":84}},"14":{"start":{"line":15,"column":4},"end":{"line":15,"column":33}},"15":{"start":{"line":19,"column":0},"end":{"line":19,"column":23}}},"fnMap":{"0":{"name":"(anonymous_0)","decl":{"start":{"line":6,"column":22},"end":{"line":6,"column":23}},"loc":{"start":{"line":6,"column":41},"end":{"line":16,"column":1}},"line":6}},"branchMap":{"0":{"loc":{"start":{"line":7,"column":4},"end":{"line":7,"column":88}},"type":"if","locations":[{"start":{"line":7,"column":4},"end":{"line":7,"column":88}},{"start":{"line":7,"column":4},"end":{"line":7,"column":88}}],"line":7},"1":{"loc":{"start":{"line":8,"column":4},"end":{"line":8,"column":82}},"type":"if","locations":[{"start":{"line":8,"column":4},"end":{"line":8,"column":82}},{"start":{"line":8,"column":4},"end":{"line":8,"column":82}}],"line":8},"2":{"loc":{"start":{"line":13,"column":4},"end":{"line":13,"column":58}},"type":"if","locations":[{"start":{"line":13,"column":4},"end":{"line":13,"column":58}},{"start":{"line":13,"column":4},"end":{"line":13,"column":58}}],"line":13},"3":{"loc":{"start":{"line":14,"column":4},"end":{"line":14,"column":84}},"type":"if","locations":[{"start":{"line":14,"column":4},"end":{"line":14,"column":84}},{"start":{"line":14,"column":4},"end":{"line":14,"column":84}}],"line":14}},"s":{"0":2,"1":2,"2":2,"3":2,"4":2,"5":5,"6":1,"7":4,"8":1,"9":3,"10":3,"11":3,"12":0,"13":0,"14":0,"15":2},"f":{"0":5},"b":{"0":[1,4],"1":[1,3],"2":[3,0],"3":[0,0]},"_coverageSchema":"332fd63041d2c1bcb487cc26dd0d5f7d97098a6c","hash":"f0108050a62ee734f793c9dc64bfd176ffebe53b"}
,"/home/bjhaid/vidly/routes/users.js": {"path":"/home/bjhaid/vidly/routes/users.js","statementMap":{"0":{"start":{"line":1,"column":17},"end":{"line":1,"column":36}},"1":{"start":{"line":2,"column":12},"end":{"line":2,"column":35}},"2":{"start":{"line":3,"column":13},"end":{"line":3,"column":42}},"3":{"start":{"line":4,"column":16},"end":{"line":4,"column":34}},"4":{"start":{"line":5,"column":15},"end":{"line":5,"column":32}},"5":{"start":{"line":6,"column":10},"end":{"line":6,"column":27}},"6":{"start":{"line":7,"column":15},"end":{"line":7,"column":32}},"7":{"start":{"line":8,"column":15},"end":{"line":8,"column":31}},"8":{"start":{"line":9,"column":25},"end":{"line":9,"column":50}},"9":{"start":{"line":11,"column":4},"end":{"line":14,"column":6}},"10":{"start":{"line":12,"column":21},"end":{"line":12,"column":69}},"11":{"start":{"line":13,"column":8},"end":{"line":13,"column":23}},"12":{"start":{"line":16,"column":4},"end":{"line":33,"column":7}},"13":{"start":{"line":18,"column":24},"end":{"line":18,"column":42}},"14":{"start":{"line":19,"column":8},"end":{"line":19,"column":73}},"15":{"start":{"line":19,"column":19},"end":{"line":19,"column":73}},"16":{"start":{"line":21,"column":24},"end":{"line":21,"column":68}},"17":{"start":{"line":22,"column":12},"end":{"line":22,"column":77}},"18":{"start":{"line":22,"column":22},"end":{"line":22,"column":77}},"19":{"start":{"line":23,"column":12},"end":{"line":23,"column":77}},"20":{"start":{"line":25,"column":25},"end":{"line":25,"column":49}},"21":{"start":{"line":27,"column":12},"end":{"line":27,"column":67}},"22":{"start":{"line":28,"column":8},"end":{"line":28,"column":26}},"23":{"start":{"line":30,"column":22},"end":{"line":30,"column":46}},"24":{"start":{"line":32,"column":8},"end":{"line":32,"column":79}},"25":{"start":{"line":35,"column":4},"end":{"line":35,"column":28}}},"fnMap":{"0":{"name":"(anonymous_0)","decl":{"start":{"line":11,"column":29},"end":{"line":11,"column":30}},"loc":{"start":{"line":11,"column":48},"end":{"line":14,"column":5}},"line":11},"1":{"name":"(anonymous_1)","decl":{"start":{"line":16,"column":21},"end":{"line":16,"column":22}},"loc":{"start":{"line":16,"column":41},"end":{"line":33,"column":5}},"line":16}},"branchMap":{"0":{"loc":{"start":{"line":19,"column":8},"end":{"line":19,"column":73}},"type":"if","locations":[{"start":{"line":19,"column":8},"end":{"line":19,"column":73}},{"start":{"line":19,"column":8},"end":{"line":19,"column":73}}],"line":19},"1":{"loc":{"start":{"line":22,"column":12},"end":{"line":22,"column":77}},"type":"if","locations":[{"start":{"line":22,"column":12},"end":{"line":22,"column":77}},{"start":{"line":22,"column":12},"end":{"line":22,"column":77}}],"line":22}},"s":{"0":2,"1":2,"2":2,"3":2,"4":2,"5":2,"6":2,"7":2,"8":2,"9":2,"10":0,"11":0,"12":2,"13":0,"14":0,"15":0,"16":0,"17":0,"18":0,"19":0,"20":0,"21":0,"22":0,"23":0,"24":0,"25":2},"f":{"0":0,"1":0},"b":{"0":[0,0],"1":[0,0]},"_coverageSchema":"332fd63041d2c1bcb487cc26dd0d5f7d97098a6c","hash":"fced6129de345623144627ef7829b89b746ede97"}
,"/home/bjhaid/vidly/startup/config.js": {"path":"/home/bjhaid/vidly/startup/config.js","statementMap":{"0":{"start":{"line":1,"column":15},"end":{"line":1,"column":32}},"1":{"start":{"line":3,"column":0},"end":{"line":8,"column":1}},"2":{"start":{"line":4,"column":4},"end":{"line":7,"column":5}},"3":{"start":{"line":5,"column":8},"end":{"line":5,"column":44}},"4":{"start":{"line":6,"column":8},"end":{"line":6,"column":24}}},"fnMap":{"0":{"name":"(anonymous_0)","decl":{"start":{"line":3,"column":17},"end":{"line":3,"column":18}},"loc":{"start":{"line":3,"column":28},"end":{"line":8,"column":1}},"line":3}},"branchMap":{"0":{"loc":{"start":{"line":4,"column":4},"end":{"line":7,"column":5}},"type":"if","locations":[{"start":{"line":4,"column":4},"end":{"line":7,"column":5}},{"start":{"line":4,"column":4},"end":{"line":7,"column":5}}],"line":4}},"s":{"0":2,"1":2,"2":2,"3":0,"4":0},"f":{"0":2},"b":{"0":[0,2]},"_coverageSchema":"332fd63041d2c1bcb487cc26dd0d5f7d97098a6c","hash":"9c184538081b0658dc2b89112d374b6fc87494f9"}
,"/home/bjhaid/vidly/startup/connection.js": {"path":"/home/bjhaid/vidly/startup/connection.js","statementMap":{"0":{"start":{"line":1,"column":17},"end":{"line":1,"column":36}},"1":{"start":{"line":2,"column":15},"end":{"line":2,"column":32}},"2":{"start":{"line":4,"column":0},"end":{"line":10,"column":4}},"3":{"start":{"line":5,"column":15},"end":{"line":5,"column":31}},"4":{"start":{"line":6,"column":4},"end":{"line":10,"column":2}},"5":{"start":{"line":7,"column":4},"end":{"line":7,"column":37}},"6":{"start":{"line":9,"column":4},"end":{"line":9,"column":28}}},"fnMap":{"0":{"name":"(anonymous_0)","decl":{"start":{"line":4,"column":17},"end":{"line":4,"column":18}},"loc":{"start":{"line":4,"column":29},"end":{"line":10,"column":3}},"line":4},"1":{"name":"(anonymous_1)","decl":{"start":{"line":6,"column":57},"end":{"line":6,"column":58}},"loc":{"start":{"line":6,"column":63},"end":{"line":8,"column":1}},"line":6},"2":{"name":"(anonymous_2)","decl":{"start":{"line":8,"column":9},"end":{"line":8,"column":10}},"loc":{"start":{"line":8,"column":18},"end":{"line":10,"column":1}},"line":8}},"branchMap":{},"s":{"0":2,"1":2,"2":2,"3":2,"4":2,"5":2,"6":0},"f":{"0":2,"1":2,"2":0},"b":{},"_coverageSchema":"332fd63041d2c1bcb487cc26dd0d5f7d97098a6c","hash":"2d7b1ecabe340896fbdeffa7438b4c854a33c6dc"}
,"/home/bjhaid/vidly/startup/route.js": {"path":"/home/bjhaid/vidly/startup/route.js","statementMap":{"0":{"start":{"line":1,"column":16},"end":{"line":1,"column":34}},"1":{"start":{"line":2,"column":15},"end":{"line":2,"column":42}},"2":{"start":{"line":3,"column":18},"end":{"line":3,"column":48}},"3":{"start":{"line":4,"column":15},"end":{"line":4,"column":42}},"4":{"start":{"line":5,"column":16},"end":{"line":5,"column":44}},"5":{"start":{"line":6,"column":14},"end":{"line":6,"column":40}},"6":{"start":{"line":7,"column":13},"end":{"line":7,"column":38}},"7":{"start":{"line":8,"column":16},"end":{"line":8,"column":44}},"8":{"start":{"line":9,"column":0},"end":{"line":18,"column":1}},"9":{"start":{"line":10,"column":0},"end":{"line":10,"column":24}},"10":{"start":{"line":11,"column":0},"end":{"line":11,"column":31}},"11":{"start":{"line":12,"column":0},"end":{"line":12,"column":37}},"12":{"start":{"line":13,"column":0},"end":{"line":13,"column":31}},"13":{"start":{"line":14,"column":0},"end":{"line":14,"column":33}},"14":{"start":{"line":15,"column":0},"end":{"line":15,"column":29}},"15":{"start":{"line":16,"column":0},"end":{"line":16,"column":27}},"16":{"start":{"line":17,"column":0},"end":{"line":17,"column":33}}},"fnMap":{"0":{"name":"(anonymous_0)","decl":{"start":{"line":9,"column":17},"end":{"line":9,"column":18}},"loc":{"start":{"line":9,"column":31},"end":{"line":18,"column":1}},"line":9}},"branchMap":{},"s":{"0":2,"1":2,"2":2,"3":2,"4":2,"5":2,"6":2,"7":2,"8":2,"9":2,"10":2,"11":2,"12":2,"13":2,"14":2,"15":2,"16":2},"f":{"0":2},"b":{},"_coverageSchema":"332fd63041d2c1bcb487cc26dd0d5f7d97098a6c","hash":"27c0a0c3b4a3ab1444a92579e37ac2d74424d6ab"}
}
